This is TeX, Version 3.14159 (Web2C 7.4.5) (format=latex 2003.6.13)  5 JAN 2004 11:42
**notes.tex
(/usr/athena/share/texmf/tex/latex/tools/q.tex
LaTeX2e <2001/06/01>
Babel <v3.7h> and hyphenation patterns for american, french, german, ngerman, n
ohyphenation, loaded.
File ignored
)
! Emergency stop.
<*> notes.tex
             
*** (job aborted, no legal \end found)

 
Here is how much of TeX's memory you used:
 6 strings out of 95847
 141 string characters out of 1194667
 44507 words of memory out of 1000001
 3034 multiletter control sequences out of 10000+50000
 3640 words of font info for 14 fonts, out of 500000 for 1000
 14 hyphenation exceptions out of 1000
 5i,0n,1p,89b,7s stack positions out of 1500i,500n,5000p,200000b,5000s
No pages of output.
